<<<<<<< HEAD
This is pdfTeX, Version 3.141592653-2.6-1.40.26 (MiKTeX 24.4) (preloaded format=pdflatex 2024.12.16)  15 JAN 2025 22:15
=======
This is pdfTeX, Version 3.141592653-2.6-1.40.26 (TeX Live 2024) (preloaded format=pdflatex 2024.3.25)  15 JAN 2025 22:14
>>>>>>> 71fdfccd6fe5702cf8a9ac0e69042f3cd6e20ff4
entering extended mode
 restricted \write18 enabled.
 file:line:error style messages enabled.
 %&-line parsing enabled.
**"c:/Users/yohpe/Documents/Github/IO-COCO/TP24 - COCO - Chromatic optimization Zemax/main/OpEx_temp.tex"
(c:/Users/yohpe/Documents/Github/IO-COCO/TP24 - COCO - Chromatic optimization Zemax/main/OpEx_temp.tex
LaTeX2e <2024-11-01> patch level 1
L3 programming layer <2024-11-02>
(C:\Users\yohpe\AppData\Local\Programs\MiKTeX\tex/latex/base\article.cls
Document Class: article 2024/06/29 v1.4n Standard LaTeX document class
(C:\Users\yohpe\AppData\Local\Programs\MiKTeX\tex/latex/base\size10.clo
File: size10.clo 2024/06/29 v1.4n Standard LaTeX file (size option)
)
\c@part=\count196
\c@section=\count197
\c@subsection=\count198
\c@subsubsection=\count199
\c@paragraph=\count266
\c@subparagraph=\count267
\c@figure=\count268
\c@table=\count269
\abovecaptionskip=\skip49
\belowcaptionskip=\skip50
\bibindent=\dimen141
) (../lib/opex3.sty

LaTeX Warning: You have requested package `../lib/opex3',
               but the package provides `opex3'.

Package: opex3 2003/06/10 LaTeX package for OSA Optics Express
(C:\Users\yohpe\AppData\Local\Programs\MiKTeX\tex/latex/geometry\geometry.sty
Package: geometry 2020/01/02 v5.9 Page Geometry
 (C:\Users\yohpe\AppData\Local\Programs\MiKTeX\tex/latex/graphics\keyval.sty
Package: keyval 2022/05/29 v1.15 key=value parser (DPC)
\KV@toks@=\toks17
) (C:\Users\yohpe\AppData\Local\Programs\MiKTeX\tex/generic/iftex\ifvtex.sty
Package: ifvtex 2019/10/25 v1.7 ifvtex legacy package. Use iftex instead.
 (C:\Users\yohpe\AppData\Local\Programs\MiKTeX\tex/generic/iftex\iftex.sty
Package: iftex 2024/12/12 v1.0g TeX engine tests
))
\Gm@cnth=\count270
\Gm@cntv=\count271
\c@Gm@tempcnt=\count272
\Gm@bindingoffset=\dimen142
\Gm@wd@mp=\dimen143
\Gm@odd@mp=\dimen144
\Gm@even@mp=\dimen145
\Gm@layoutwidth=\dimen146
\Gm@layoutheight=\dimen147
\Gm@layouthoffset=\dimen148
\Gm@layoutvoffset=\dimen149
\Gm@dimlist=\toks18
 (C:\Users\yohpe\AppData\Local\Programs\MiKTeX\tex/latex/geometry\geometry.cfg)) (C:\Users\yohpe\AppData\Local\Programs\MiKTeX\tex/latex/graphics\color.sty
Package: color 2024/06/23 v1.3e Standard LaTeX Color (DPC)
 (C:\Users\yohpe\AppData\Local\Programs\MiKTeX\tex/latex/graphics-cfg\color.cfg
File: color.cfg 2016/01/02 v1.6 sample color configuration
)
Package color Info: Driver file: pdftex.def on input line 149.
 (C:\Users\yohpe\AppData\Local\Programs\MiKTeX\tex/latex/graphics-def\pdftex.def
File: pdftex.def 2024/04/13 v1.2c Graphics/color driver for pdftex
) (C:\Users\yohpe\AppData\Local\Programs\MiKTeX\tex/latex/graphics\mathcolor.ltx)) (C:\Users\yohpe\AppData\Local\Programs\MiKTeX\tex/latex/graphics\graphicx.sty
Package: graphicx 2021/09/16 v1.2d Enhanced LaTeX Graphics (DPC,SPQR)
 (C:\Users\yohpe\AppData\Local\Programs\MiKTeX\tex/latex/graphics\graphics.sty
Package: graphics 2024/08/06 v1.4g Standard LaTeX Graphics (DPC,SPQR)
 (C:\Users\yohpe\AppData\Local\Programs\MiKTeX\tex/latex/graphics\trig.sty
Package: trig 2023/12/02 v1.11 sin cos tan (DPC)
) (C:\Users\yohpe\AppData\Local\Programs\MiKTeX\tex/latex/graphics-cfg\graphics.cfg
File: graphics.cfg 2016/06/04 v1.11 sample graphics configuration
)
Package graphics Info: Driver file: pdftex.def on input line 106.
)
\Gin@req@height=\dimen150
\Gin@req@width=\dimen151
) (C:\Users\yohpe\AppData\Local\Programs\MiKTeX\tex/latex/psnfss\mathptmx.sty
Package: mathptmx 2020/03/25 PSNFSS-v9.3 Times w/ Math, improved (SPQR, WaS) 
LaTeX Font Info:    Redeclaring symbol font `operators' on input line 28.
LaTeX Font Info:    Overwriting symbol font `operators' in version `normal'
(Font)                  OT1/cmr/m/n --> OT1/ztmcm/m/n on input line 28.
LaTeX Font Info:    Overwriting symbol font `operators' in version `bold'
(Font)                  OT1/cmr/bx/n --> OT1/ztmcm/m/n on input line 28.
LaTeX Font Info:    Redeclaring symbol font `letters' on input line 29.
LaTeX Font Info:    Overwriting symbol font `letters' in version `normal'
(Font)                  OML/cmm/m/it --> OML/ztmcm/m/it on input line 29.
LaTeX Font Info:    Overwriting symbol font `letters' in version `bold'
(Font)                  OML/cmm/b/it --> OML/ztmcm/m/it on input line 29.
LaTeX Font Info:    Redeclaring symbol font `symbols' on input line 30.
LaTeX Font Info:    Overwriting symbol font `symbols' in version `normal'
(Font)                  OMS/cmsy/m/n --> OMS/ztmcm/m/n on input line 30.
LaTeX Font Info:    Overwriting symbol font `symbols' in version `bold'
(Font)                  OMS/cmsy/b/n --> OMS/ztmcm/m/n on input line 30.
LaTeX Font Info:    Redeclaring symbol font `largesymbols' on input line 31.
LaTeX Font Info:    Overwriting symbol font `largesymbols' in version `normal'
(Font)                  OMX/cmex/m/n --> OMX/ztmcm/m/n on input line 31.
LaTeX Font Info:    Overwriting symbol font `largesymbols' in version `bold'
(Font)                  OMX/cmex/m/n --> OMX/ztmcm/m/n on input line 31.
\symbold=\mathgroup4
\symitalic=\mathgroup5
LaTeX Font Info:    Redeclaring math alphabet \mathbf on input line 34.
LaTeX Font Info:    Overwriting math alphabet `\mathbf' in version `normal'
(Font)                  OT1/cmr/bx/n --> OT1/ptm/bx/n on input line 34.
LaTeX Font Info:    Overwriting math alphabet `\mathbf' in version `bold'
(Font)                  OT1/cmr/bx/n --> OT1/ptm/bx/n on input line 34.
LaTeX Font Info:    Redeclaring math alphabet \mathit on input line 35.
LaTeX Font Info:    Overwriting math alphabet `\mathit' in version `normal'
(Font)                  OT1/cmr/m/it --> OT1/ptm/m/it on input line 35.
LaTeX Font Info:    Overwriting math alphabet `\mathit' in version `bold'
(Font)                  OT1/cmr/bx/it --> OT1/ptm/m/it on input line 35.
LaTeX Info: Redefining \hbar on input line 50.
) (C:\Users\yohpe\AppData\Local\Programs\MiKTeX\tex/latex/psnfss\courier.sty
Package: courier 2020/03/25 PSNFSS-v9.3 (WaS) 
) (C:\Users\yohpe\AppData\Local\Programs\MiKTeX\tex/latex/base\textcomp.sty
Package: textcomp 2024/04/24 v2.1b Standard LaTeX package
) (C:\Users\yohpe\AppData\Local\Programs\MiKTeX\tex/latex/psnfss\helvet.sty
Package: helvet 2020/03/25 PSNFSS-v9.3 (WaS) 
)

Package geometry Warning: Over-specification in `v'-direction.
    `height' (600.0pt) is ignored.

) (C:\Users\yohpe\AppData\Local\Programs\MiKTeX\tex/latex/caption\caption.sty
Package: caption 2023/08/05 v3.6o Customizing captions (AR)
 (C:\Users\yohpe\AppData\Local\Programs\MiKTeX\tex/latex/caption\caption3.sty
Package: caption3 2023/07/31 v2.4d caption3 kernel (AR)
\caption@tempdima=\dimen152
\captionmargin=\dimen153
\caption@leftmargin=\dimen154
\caption@rightmargin=\dimen155
\caption@width=\dimen156
\caption@indent=\dimen157
\caption@parindent=\dimen158
\caption@hangindent=\dimen159
Package caption Info: Unknown document class (or package),
(caption)             standard defaults will be used.
Package caption Info: \@makecaption = \long macro:#1#2->\small \vskip \abovecaptionskip \sbox \@tempboxa {#1. #2}\ifdim \wd \@tempboxa >\@MaxCapWidth \hskip 2.25pc\parbox {4.5in}{#1. #2} \else \global \@minipagefalse \hb@xt@ \hsize {\hfil \box \@tempboxa \hfil }\fi \vskip \belowcaptionskip \normalsize  on input line 1175.
)

Package caption Warning: Unknown document class (or package),
(caption)                standard defaults will be used.
See the caption package documentation for explanation.

\c@caption@flags=\count273
\c@continuedfloat=\count274
) (C:\Users\yohpe\AppData\Local\Programs\MiKTeX\tex/latex/caption\subcaption.sty
Package: subcaption 2023/07/28 v1.6b Sub-captions (AR)
Package caption Info: New subtype `subfigure' on input line 238.
\c@subfigure=\count275
Package caption Info: New subtype `subtable' on input line 238.
\c@subtable=\count276
) (C:\Users\yohpe\AppData\Local\Programs\MiKTeX\tex/latex/amsmath\amsmath.sty
Package: amsmath 2024/11/05 v2.17t AMS math features
\@mathmargin=\skip51

For additional information on amsmath, use the `?' option.
(C:\Users\yohpe\AppData\Local\Programs\MiKTeX\tex/latex/amsmath\amstext.sty
Package: amstext 2021/08/26 v2.01 AMS text
 (C:\Users\yohpe\AppData\Local\Programs\MiKTeX\tex/latex/amsmath\amsgen.sty
File: amsgen.sty 1999/11/30 v2.0 generic functions
\@emptytoks=\toks19
\ex@=\dimen160
)) (C:\Users\yohpe\AppData\Local\Programs\MiKTeX\tex/latex/amsmath\amsbsy.sty
Package: amsbsy 1999/11/29 v1.2d Bold Symbols
\pmbraise@=\dimen161
) (C:\Users\yohpe\AppData\Local\Programs\MiKTeX\tex/latex/amsmath\amsopn.sty
Package: amsopn 2022/04/08 v2.04 operator names
)
\inf@bad=\count277
LaTeX Info: Redefining \frac on input line 233.
\uproot@=\count278
\leftroot@=\count279
LaTeX Info: Redefining \overline on input line 398.
LaTeX Info: Redefining \colon on input line 409.
\classnum@=\count280
\DOTSCASE@=\count281
LaTeX Info: Redefining \ldots on input line 495.
LaTeX Info: Redefining \dots on input line 498.
LaTeX Info: Redefining \cdots on input line 619.
\Mathstrutbox@=\box52
\strutbox@=\box53
LaTeX Info: Redefining \big on input line 721.
LaTeX Info: Redefining \Big on input line 722.
LaTeX Info: Redefining \bigg on input line 723.
LaTeX Info: Redefining \Bigg on input line 724.
\big@size=\dimen162
LaTeX Font Info:    Redeclaring font encoding OML on input line 742.
LaTeX Font Info:    Redeclaring font encoding OMS on input line 743.
\macc@depth=\count282
LaTeX Info: Redefining \bmod on input line 904.
LaTeX Info: Redefining \pmod on input line 909.
LaTeX Info: Redefining \smash on input line 939.
LaTeX Info: Redefining \relbar on input line 969.
LaTeX Info: Redefining \Relbar on input line 970.
\c@MaxMatrixCols=\count283
\dotsspace@=\muskip17
\c@parentequation=\count284
\dspbrk@lvl=\count285
\tag@help=\toks20
\row@=\count286
\column@=\count287
\maxfields@=\count288
\andhelp@=\toks21
\eqnshift@=\dimen163
\alignsep@=\dimen164
\tagshift@=\dimen165
\tagwidth@=\dimen166
\totwidth@=\dimen167
\lineht@=\dimen168
\@envbody=\toks22
\multlinegap=\skip52
\multlinetaggap=\skip53
\mathdisplay@stack=\toks23
LaTeX Info: Redefining \[ on input line 2953.
LaTeX Info: Redefining \] on input line 2954.
) (C:\Users\yohpe\AppData\Local\Programs\MiKTeX\tex/latex/hyperref\hyperref.sty
Package: hyperref 2024-11-05 v7.01l Hypertext links for LaTeX
 (C:\Users\yohpe\AppData\Local\Programs\MiKTeX\tex/latex/kvsetkeys\kvsetkeys.sty
Package: kvsetkeys 2022-10-05 v1.19 Key value parser (HO)
) (C:\Users\yohpe\AppData\Local\Programs\MiKTeX\tex/generic/kvdefinekeys\kvdefinekeys.sty
Package: kvdefinekeys 2019-12-19 v1.6 Define keys (HO)
) (C:\Users\yohpe\AppData\Local\Programs\MiKTeX\tex/generic/pdfescape\pdfescape.sty
Package: pdfescape 2019/12/09 v1.15 Implements pdfTeX's escape features (HO)
 (C:\Users\yohpe\AppData\Local\Programs\MiKTeX\tex/generic/ltxcmds\ltxcmds.sty
Package: ltxcmds 2023-12-04 v1.26 LaTeX kernel commands for general use (HO)
) (C:\Users\yohpe\AppData\Local\Programs\MiKTeX\tex/generic/pdftexcmds\pdftexcmds.sty
Package: pdftexcmds 2020-06-27 v0.33 Utility functions of pdfTeX for LuaTeX (HO)
 (C:\Users\yohpe\AppData\Local\Programs\MiKTeX\tex/generic/infwarerr\infwarerr.sty
Package: infwarerr 2019/12/03 v1.5 Providing info/warning/error messages (HO)
)
Package pdftexcmds Info: \pdf@primitive is available.
Package pdftexcmds Info: \pdf@ifprimitive is available.
Package pdftexcmds Info: \pdfdraftmode found.
)) (C:\Users\yohpe\AppData\Local\Programs\MiKTeX\tex/latex/hycolor\hycolor.sty
Package: hycolor 2020-01-27 v1.10 Color options for hyperref/bookmark (HO)
) (C:\Users\yohpe\AppData\Local\Programs\MiKTeX\tex/latex/hyperref\nameref.sty
Package: nameref 2023-11-26 v2.56 Cross-referencing by name of section
 (C:\Users\yohpe\AppData\Local\Programs\MiKTeX\tex/latex/refcount\refcount.sty
Package: refcount 2019/12/15 v3.6 Data extraction from label references (HO)
) (C:\Users\yohpe\AppData\Local\Programs\MiKTeX\tex/generic/gettitlestring\gettitlestring.sty
Package: gettitlestring 2019/12/15 v1.6 Cleanup title references (HO)
 (C:\Users\yohpe\AppData\Local\Programs\MiKTeX\tex/latex/kvoptions\kvoptions.sty
Package: kvoptions 2022-06-15 v3.15 Key value format for package options (HO)
))
\c@section@level=\count289
) (C:\Users\yohpe\AppData\Local\Programs\MiKTeX\tex/latex/etoolbox\etoolbox.sty
Package: etoolbox 2020/10/05 v2.5k e-TeX tools for LaTeX (JAW)
\etb@tempcnta=\count290
) (C:\Users\yohpe\AppData\Local\Programs\MiKTeX\tex/generic/stringenc\stringenc.sty
Package: stringenc 2019/11/29 v1.12 Convert strings between diff. encodings (HO)
)
\@linkdim=\dimen169
\Hy@linkcounter=\count291
\Hy@pagecounter=\count292
 (C:\Users\yohpe\AppData\Local\Programs\MiKTeX\tex/latex/hyperref\pd1enc.def
File: pd1enc.def 2024-11-05 v7.01l Hyperref: PDFDocEncoding definition (HO)
Now handling font encoding PD1 ...
... no UTF-8 mapping file for font encoding PD1
) (C:\Users\yohpe\AppData\Local\Programs\MiKTeX\tex/generic/intcalc\intcalc.sty
Package: intcalc 2019/12/15 v1.3 Expandable calculations with integers (HO)
)
\Hy@SavedSpaceFactor=\count293
 (C:\Users\yohpe\AppData\Local\Programs\MiKTeX\tex/latex/hyperref\puenc.def
File: puenc.def 2024-11-05 v7.01l Hyperref: PDF Unicode definition (HO)
Now handling font encoding PU ...
... no UTF-8 mapping file for font encoding PU
)
Package hyperref Info: Hyper figures OFF on input line 4157.
Package hyperref Info: Link nesting OFF on input line 4162.
Package hyperref Info: Hyper index ON on input line 4165.
Package hyperref Info: Plain pages OFF on input line 4172.
Package hyperref Info: Backreferencing OFF on input line 4177.
Package hyperref Info: Implicit mode ON; LaTeX internals redefined.
Package hyperref Info: Bookmarks ON on input line 4424.
\c@Hy@tempcnt=\count294
 (C:\Users\yohpe\AppData\Local\Programs\MiKTeX\tex/latex/url\url.sty
\Urlmuskip=\muskip18
Package: url 2013/09/16  ver 3.4  Verb mode for urls, etc.
)
LaTeX Info: Redefining \url on input line 4763.
\XeTeXLinkMargin=\dimen170
 (C:\Users\yohpe\AppData\Local\Programs\MiKTeX\tex/generic/bitset\bitset.sty
Package: bitset 2019/12/09 v1.3 Handle bit-vector datatype (HO)
 (C:\Users\yohpe\AppData\Local\Programs\MiKTeX\tex/generic/bigintcalc\bigintcalc.sty
Package: bigintcalc 2019/12/15 v1.5 Expandable calculations on big integers (HO)
))
\Fld@menulength=\count295
\Field@Width=\dimen171
\Fld@charsize=\dimen172
Package hyperref Info: Hyper figures OFF on input line 6042.
Package hyperref Info: Link nesting OFF on input line 6047.
Package hyperref Info: Hyper index ON on input line 6050.
Package hyperref Info: backreferencing OFF on input line 6057.
Package hyperref Info: Link coloring OFF on input line 6062.
Package hyperref Info: Link coloring with OCG OFF on input line 6067.
Package hyperref Info: PDF/A mode OFF on input line 6072.
 (C:\Users\yohpe\AppData\Local\Programs\MiKTeX\tex/latex/base\atbegshi-ltx.sty
Package: atbegshi-ltx 2021/01/10 v1.0c Emulation of the original atbegshi
package with kernel methods
)
\Hy@abspage=\count296
\c@Item=\count297
\c@Hfootnote=\count298
)
Package hyperref Info: Driver (autodetected): hpdftex.
 (C:\Users\yohpe\AppData\Local\Programs\MiKTeX\tex/latex/hyperref\hpdftex.def
File: hpdftex.def 2024-11-05 v7.01l Hyperref driver for pdfTeX
 (C:\Users\yohpe\AppData\Local\Programs\MiKTeX\tex/latex/base\atveryend-ltx.sty
Package: atveryend-ltx 2020/08/19 v1.0a Emulation of the original atveryend package
with kernel methods
)
\Fld@listcount=\count299
\c@bookmark@seq@number=\count300
 (C:\Users\yohpe\AppData\Local\Programs\MiKTeX\tex/latex/rerunfilecheck\rerunfilecheck.sty
Package: rerunfilecheck 2022-07-10 v1.10 Rerun checks for auxiliary files (HO)
 (C:\Users\yohpe\AppData\Local\Programs\MiKTeX\tex/generic/uniquecounter\uniquecounter.sty
Package: uniquecounter 2019/12/15 v1.4 Provide unlimited unique counter (HO)
)
Package uniquecounter Info: New unique counter `rerunfilecheck' on input line 285.
)
\Hy@SectionHShift=\skip54
) (C:\Users\yohpe\AppData\Local\Programs\MiKTeX\tex/latex/numprint\numprint.sty
Package: numprint 2012/08/20 v1.39 Print numbers (HH)
 (C:\Users\yohpe\AppData\Local\Programs\MiKTeX\tex/latex/tools\array.sty
Package: array 2024/10/17 v2.6g Tabular extension package (FMi)
\col@sep=\dimen173
\ar@mcellbox=\box54
\extrarowheight=\dimen174
\NC@list=\toks24
\extratabsurround=\skip55
\backup@length=\skip56
\ar@cellbox=\box55
)
\c@nprt@mantissa@digitsbefore=\count301
\c@nprt@mantissa@digitsafter=\count302
\c@nprt@exponent@digitsbefore=\count303
\c@nprt@exponent@digitsafter=\count304
\nprt@digitwidth=\skip57
\nprt@sepwidth=\skip58
\nprt@decimalwidth=\skip59
\nprt@blockwidth=\skip60
\nprt@digittoks=\toks25
\nprt@pretoks=\toks26
\nprt@posttoks=\toks27
\nprt@thisdigit=\count305
\nprt@curpos=\count306
\nprt@rndpos=\count307
\c@nprt@digitsfirstblock=\count308
\c@nprt@blockcnt=\count309
\c@nprt@cntprint=\count310
 No configuration file `numprint.cfg' found.)
LaTeX Font Info:    Trying to load font information for OT1+ptm on input line 39.
 (C:\Users\yohpe\AppData\Local\Programs\MiKTeX\tex/latex/psnfss\ot1ptm.fd
File: ot1ptm.fd 2001/06/04 font definitions for OT1/ptm.
<<<<<<< HEAD
) (C:\Users\yohpe\AppData\Local\Programs\MiKTeX\tex/latex/l3backend\l3backend-pdftex.def
File: l3backend-pdftex.def 2024-05-08 L3 backend support: PDF output (pdfTeX)
\l__color_backend_stack_int=\count311
\l__pdf_internal_box=\box56
) (OpEx_temp.aux)
=======
) (c:/texlive/2024/texmf-dist/tex/latex/l3backend/l3backend-pdftex.def
File: l3backend-pdftex.def 2024-03-14 L3 backend support: PDF output (pdfTeX)
\l__color_backend_stack_int=\count303
\l__pdf_internal_box=\box55
) (./OpEx_temp.aux)
>>>>>>> 71fdfccd6fe5702cf8a9ac0e69042f3cd6e20ff4
\openout1 = `OpEx_temp.aux'.

LaTeX Font Info:    Checking defaults for OML/cmm/m/it on input line 39.
LaTeX Font Info:    ... okay on input line 39.
LaTeX Font Info:    Checking defaults for OMS/cmsy/m/n on input line 39.
LaTeX Font Info:    ... okay on input line 39.
LaTeX Font Info:    Checking defaults for OT1/cmr/m/n on input line 39.
LaTeX Font Info:    ... okay on input line 39.
LaTeX Font Info:    Checking defaults for T1/cmr/m/n on input line 39.
LaTeX Font Info:    ... okay on input line 39.
LaTeX Font Info:    Checking defaults for TS1/cmr/m/n on input line 39.
LaTeX Font Info:    ... okay on input line 39.
LaTeX Font Info:    Checking defaults for OMX/cmex/m/n on input line 39.
LaTeX Font Info:    ... okay on input line 39.
LaTeX Font Info:    Checking defaults for U/cmr/m/n on input line 39.
LaTeX Font Info:    ... okay on input line 39.
LaTeX Font Info:    Checking defaults for PD1/pdf/m/n on input line 39.
LaTeX Font Info:    ... okay on input line 39.
LaTeX Font Info:    Checking defaults for PU/pdf/m/n on input line 39.
LaTeX Font Info:    ... okay on input line 39.

*geometry* driver: auto-detecting
*geometry* detected driver: pdftex
*geometry* verbose mode - [ preamble ] result:
* driver: pdftex
* paper: letterpaper
* layout: <same size as paper>
* layoutoffset:(h,v)=(0.0pt,0.0pt)
* modes: 
* h-part:(L,W,R)=(118.79993pt, 378.0pt, 117.49507pt)
* v-part:(T,H,B)=(78.0pt, 596.96999pt, 120.0pt)
* \paperwidth=614.295pt
* \paperheight=794.96999pt
* \textwidth=378.0pt
* \textheight=596.96999pt
* \oddsidemargin=46.52994pt
* \evensidemargin=46.52994pt
* \topmargin=5.73001pt
* \headheight=0.0pt
* \headsep=0.0pt
* \topskip=10.0pt
* \footskip=30.0pt
* \marginparwidth=65.0pt
* \marginparsep=11.0pt
* \columnsep=10.0pt
* \skip\footins=9.0pt plus 4.0pt minus 2.0pt
* \hoffset=0.0pt
* \voffset=0.0pt
* \mag=1000
* \@twocolumnfalse
* \@twosidefalse
* \@mparswitchfalse
* \@reversemarginfalse
* (1in=72.27pt=25.4mm, 1cm=28.453pt)

(C:\Users\yohpe\AppData\Local\Programs\MiKTeX\tex/context/base/mkii\supp-pdf.mkii
[Loading MPS to PDF converter (version 2006.09.02).]
\scratchcounter=\count312
\scratchdimen=\dimen175
\scratchbox=\box57
\nofMPsegments=\count313
\nofMParguments=\count314
\everyMPshowfont=\toks28
\MPscratchCnt=\count315
\MPscratchDim=\dimen176
\MPnumerator=\count316
\makeMPintoPDFobject=\count317
\everyMPtoPDFconversion=\toks29
) (C:\Users\yohpe\AppData\Local\Programs\MiKTeX\tex/latex/epstopdf-pkg\epstopdf-base.sty
Package: epstopdf-base 2020-01-24 v2.11 Base part for package epstopdf
Package epstopdf-base Info: Redefining graphics rule for `.eps' on input line 485.
 (C:\Users\yohpe\AppData\Local\Programs\MiKTeX\tex/latex/00miktex\epstopdf-sys.cfg
File: epstopdf-sys.cfg 2021/03/18 v2.0 Configuration of epstopdf for MiKTeX
))
Package caption Info: Begin \AtBeginDocument code.
Package caption Info: hyperref package is loaded.
Package caption Info: End \AtBeginDocument code.
Package hyperref Info: Link coloring OFF on input line 39.
<<<<<<< HEAD
 (OpEx_temp.out) (OpEx_temp.out)
=======
 (./OpEx_temp.out) (./OpEx_temp.out)
>>>>>>> 71fdfccd6fe5702cf8a9ac0e69042f3cd6e20ff4
\@outlinefile=\write3
\openout3 = `OpEx_temp.out'.

LaTeX Font Info:    Trying to load font information for OT1+ztmcm on input line 42.
 (C:\Users\yohpe\AppData\Local\Programs\MiKTeX\tex/latex/psnfss\ot1ztmcm.fd
File: ot1ztmcm.fd 2000/01/03 Fontinst v1.801 font definitions for OT1/ztmcm.
)
LaTeX Font Info:    Trying to load font information for OML+ztmcm on input line 42.
 (C:\Users\yohpe\AppData\Local\Programs\MiKTeX\tex/latex/psnfss\omlztmcm.fd
File: omlztmcm.fd 2000/01/03 Fontinst v1.801 font definitions for OML/ztmcm.
)
LaTeX Font Info:    Trying to load font information for OMS+ztmcm on input line 42.
 (C:\Users\yohpe\AppData\Local\Programs\MiKTeX\tex/latex/psnfss\omsztmcm.fd
File: omsztmcm.fd 2000/01/03 Fontinst v1.801 font definitions for OMS/ztmcm.
)
LaTeX Font Info:    Trying to load font information for OMX+ztmcm on input line 42.
 (C:\Users\yohpe\AppData\Local\Programs\MiKTeX\tex/latex/psnfss\omxztmcm.fd
File: omxztmcm.fd 2000/01/03 Fontinst v1.801 font definitions for OMX/ztmcm.
)
LaTeX Font Info:    Font shape `OT1/ptm/bx/n' in size <17.28> not available
(Font)              Font shape `OT1/ptm/b/n' tried instead on input line 42.
LaTeX Font Info:    Font shape `OT1/ptm/bx/n' in size <12> not available
(Font)              Font shape `OT1/ptm/b/n' tried instead on input line 42.
LaTeX Font Info:    Font shape `OT1/ptm/bx/n' in size <10> not available
(Font)              Font shape `OT1/ptm/b/n' tried instead on input line 42.
LaTeX Font Info:    Font shape `OT1/ptm/bx/n' in size <7.4> not available
(Font)              Font shape `OT1/ptm/b/n' tried instead on input line 44.
LaTeX Font Info:    Font shape `OT1/ptm/bx/n' in size <6> not available
(Font)              Font shape `OT1/ptm/b/n' tried instead on input line 44.
LaTeX Font Info:    Font shape `OT1/ptm/bx/n' in size <8> not available
(Font)              Font shape `OT1/ptm/b/n' tried instead on input line 48.
LaTeX Font Info:    Font shape `OT1/ptm/bx/n' in size <5> not available
(Font)              Font shape `OT1/ptm/b/n' tried instead on input line 48.

Underfull \hbox (badness 10000) in paragraph at lines 59--62

 []


Underfull \hbox (badness 10000) in paragraph at lines 63--65

 []

LaTeX Font Info:    Trying to load font information for OT1+pcr on input line 95.
(C:\Users\yohpe\AppData\Local\Programs\MiKTeX\tex/latex/psnfss\ot1pcr.fd
File: ot1pcr.fd 2001/06/04 font definitions for OT1/pcr.
<<<<<<< HEAD
)

[1

{C:/Users/yohpe/AppData/Local/MiKTeX/fonts/map/pdftex/pdftex.map}{C:/Users/yohpe/AppData/Local/Programs/MiKTeX/fonts/enc/dvips/base/8r.enc}]
<../Pictures/Layout.png, id=45, 610.53094pt x 188.20313pt>
=======
) [1

{c:/texlive/2024/texmf-var/fonts/map/pdftex/updmap/pdftex.map}{c:/texlive/2024/texmf-dist/fonts/enc/dvips/base/8r.enc}]
<../Pictures/Layout.png, id=46, 610.53094pt x 188.20313pt>
>>>>>>> 71fdfccd6fe5702cf8a9ac0e69042f3cd6e20ff4
File: ../Pictures/Layout.png Graphic file (type png)
<use ../Pictures/Layout.png>
Package pdftex.def Info: ../Pictures/Layout.png  used on input line 99.
(pdftex.def)             Requested size: 274.73637pt x 84.69061pt.
<<<<<<< HEAD
<../Pictures/ThroughFocusSpotDiagram.png, id=49, 1163.84813pt x 873.2625pt>
=======
<../Pictures/ThroughFocusSpotDiagram.png, id=50, 1163.84813pt x 873.2625pt>
>>>>>>> 71fdfccd6fe5702cf8a9ac0e69042f3cd6e20ff4
File: ../Pictures/ThroughFocusSpotDiagram.png Graphic file (type png)
<use ../Pictures/ThroughFocusSpotDiagram.png>
Package pdftex.def Info: ../Pictures/ThroughFocusSpotDiagram.png  used on input line 112.
(pdftex.def)             Requested size: 113.40115pt x 85.07945pt.
<<<<<<< HEAD
<../Pictures/LongitudinalAberration.png, id=50, 1163.84813pt x 873.2625pt>
=======
<../Pictures/LongitudinalAberration.png, id=51, 1163.84813pt x 873.2625pt>
>>>>>>> 71fdfccd6fe5702cf8a9ac0e69042f3cd6e20ff4
File: ../Pictures/LongitudinalAberration.png Graphic file (type png)
<use ../Pictures/LongitudinalAberration.png>
Package pdftex.def Info: ../Pictures/LongitudinalAberration.png  used on input line 117.
(pdftex.def)             Requested size: 113.40115pt x 85.07945pt.
<<<<<<< HEAD
<../Pictures/FFTMTF_blue.png, id=52, 1163.84813pt x 873.2625pt>
=======
<../Pictures/FFTMTF_blue.png, id=53, 1163.84813pt x 873.2625pt>
>>>>>>> 71fdfccd6fe5702cf8a9ac0e69042f3cd6e20ff4
File: ../Pictures/FFTMTF_blue.png Graphic file (type png)
<use ../Pictures/FFTMTF_blue.png>
Package pdftex.def Info: ../Pictures/FFTMTF_blue.png  used on input line 128.
(pdftex.def)             Requested size: 113.40115pt x 85.07945pt.
<<<<<<< HEAD
<../Pictures/FFTMTF_green.png, id=53, 1163.84813pt x 873.2625pt>
=======
<../Pictures/FFTMTF_green.png, id=54, 1163.84813pt x 873.2625pt>
>>>>>>> 71fdfccd6fe5702cf8a9ac0e69042f3cd6e20ff4
File: ../Pictures/FFTMTF_green.png Graphic file (type png)
<use ../Pictures/FFTMTF_green.png>
Package pdftex.def Info: ../Pictures/FFTMTF_green.png  used on input line 133.
(pdftex.def)             Requested size: 113.40115pt x 85.07945pt.
<<<<<<< HEAD
<../Pictures/FFTMTF_red.png, id=54, 1163.84813pt x 873.2625pt>
=======
<../Pictures/FFTMTF_red.png, id=55, 1163.84813pt x 873.2625pt>
>>>>>>> 71fdfccd6fe5702cf8a9ac0e69042f3cd6e20ff4
File: ../Pictures/FFTMTF_red.png Graphic file (type png)
<use ../Pictures/FFTMTF_red.png>
Package pdftex.def Info: ../Pictures/FFTMTF_red.png  used on input line 138.
(pdftex.def)             Requested size: 113.40115pt x 85.07945pt.


LaTeX Warning: `h' float specifier changed to `ht'.



[2 <../Pictures/Layout.png> <../Pictures/ThroughFocusSpotDiagram.png> <../Pictures/LongitudinalAberration.png>]
<<<<<<< HEAD
<../Pictures/SpotDiagram2_blue.png, id=70, 1163.84813pt x 873.2625pt>
=======
<../Pictures/SpotDiagram2_blue.png, id=71, 1163.84813pt x 873.2625pt>
>>>>>>> 71fdfccd6fe5702cf8a9ac0e69042f3cd6e20ff4
File: ../Pictures/SpotDiagram2_blue.png Graphic file (type png)
<use ../Pictures/SpotDiagram2_blue.png>
Package pdftex.def Info: ../Pictures/SpotDiagram2_blue.png  used on input line 175.
(pdftex.def)             Requested size: 113.40115pt x 85.07945pt.
<<<<<<< HEAD
<../Pictures/SpotDiagram2_green.png, id=71, 1163.84813pt x 873.2625pt>
=======
<../Pictures/SpotDiagram2_green.png, id=72, 1163.84813pt x 873.2625pt>
>>>>>>> 71fdfccd6fe5702cf8a9ac0e69042f3cd6e20ff4
File: ../Pictures/SpotDiagram2_green.png Graphic file (type png)
<use ../Pictures/SpotDiagram2_green.png>
Package pdftex.def Info: ../Pictures/SpotDiagram2_green.png  used on input line 180.
(pdftex.def)             Requested size: 113.40115pt x 85.07945pt.
<<<<<<< HEAD
<../Pictures/SpotDiagram2_red.png, id=72, 1163.84813pt x 873.2625pt>
=======
<../Pictures/SpotDiagram2_red.png, id=73, 1163.84813pt x 873.2625pt>
>>>>>>> 71fdfccd6fe5702cf8a9ac0e69042f3cd6e20ff4
File: ../Pictures/SpotDiagram2_red.png Graphic file (type png)
<use ../Pictures/SpotDiagram2_red.png>
Package pdftex.def Info: ../Pictures/SpotDiagram2_red.png  used on input line 185.
(pdftex.def)             Requested size: 113.40115pt x 85.07945pt.
<<<<<<< HEAD
<../Pictures/SpotDiagram2_blue_bef_QF.png, id=73, 1163.84813pt x 873.2625pt>
=======
<../Pictures/SpotDiagram2_blue_bef_QF.png, id=74, 1163.84813pt x 873.2625pt>
>>>>>>> 71fdfccd6fe5702cf8a9ac0e69042f3cd6e20ff4
File: ../Pictures/SpotDiagram2_blue_bef_QF.png Graphic file (type png)
<use ../Pictures/SpotDiagram2_blue_bef_QF.png>
Package pdftex.def Info: ../Pictures/SpotDiagram2_blue_bef_QF.png  used on input line 196.
(pdftex.def)             Requested size: 113.40115pt x 85.07945pt.
<<<<<<< HEAD
<../Pictures/SpotDiagram2_green_bef_QF.png, id=74, 1163.84813pt x 873.2625pt>
=======
<../Pictures/SpotDiagram2_green_bef_QF.png, id=75, 1163.84813pt x 873.2625pt>
>>>>>>> 71fdfccd6fe5702cf8a9ac0e69042f3cd6e20ff4
File: ../Pictures/SpotDiagram2_green_bef_QF.png Graphic file (type png)
<use ../Pictures/SpotDiagram2_green_bef_QF.png>
Package pdftex.def Info: ../Pictures/SpotDiagram2_green_bef_QF.png  used on input line 201.
(pdftex.def)             Requested size: 113.40115pt x 85.07945pt.
<<<<<<< HEAD
<../Pictures/SpotDiagram2_red_bef_QF.png, id=75, 1163.84813pt x 873.2625pt>
=======
<../Pictures/SpotDiagram2_red_bef_QF.png, id=76, 1163.84813pt x 873.2625pt>
>>>>>>> 71fdfccd6fe5702cf8a9ac0e69042f3cd6e20ff4
File: ../Pictures/SpotDiagram2_red_bef_QF.png Graphic file (type png)
<use ../Pictures/SpotDiagram2_red_bef_QF.png>
Package pdftex.def Info: ../Pictures/SpotDiagram2_red_bef_QF.png  used on input line 206.
(pdftex.def)             Requested size: 113.40115pt x 85.07945pt.


LaTeX Warning: `h' float specifier changed to `ht'.

<<<<<<< HEAD
(OpEx_temp.lof)
\tf@lof=\write4
\openout4 = `OpEx_temp.lof'.



[3 <../Pictures/FFTMTF_blue.png> <../Pictures/FFTMTF_green.png> <../Pictures/FFTMTF_red.png> <../Pictures/SpotDiagram2_blue.png> <../Pictures/SpotDiagram2_green.png> <../Pictures/SpotDiagram2_red.png>]

[4 <../Pictures/SpotDiagram2_blue_bef_QF.png> <../Pictures/SpotDiagram2_green_bef_QF.png> <../Pictures/SpotDiagram2_red_bef_QF.png>] (OpEx_temp.aux)
=======
(./OpEx_temp.lof)
\tf@lof=\write4
\openout4 = `OpEx_temp.lof'.

 [3 <../Pictures/FFTMTF_blue.png> <../Pictures/FFTMTF_green.png> <../Pictures/FFTMTF_red.png> <../Pictures/SpotDiagram2_blue.png> <../Pictures/SpotDiagram2_green.png> <../Pictures/SpotDiagram2_red.png>] [4 <../Pictures/SpotDiagram2_blue_bef_QF.png> <../Pictures/SpotDiagram2_green_bef_QF.png> <../Pictures/SpotDiagram2_red_bef_QF.png>] (./OpEx_temp.aux)
>>>>>>> 71fdfccd6fe5702cf8a9ac0e69042f3cd6e20ff4
 ***********
LaTeX2e <2024-11-01> patch level 1
L3 programming layer <2024-11-02>
 ***********
Package rerunfilecheck Info: File `OpEx_temp.out' has not changed.
(rerunfilecheck)             Checksum: 53A3F2D3769C9CCEA958576B65DF8FE5;1305.
 ) 
Here is how much of TeX's memory you used:
<<<<<<< HEAD
 12110 strings out of 473650
 197935 string characters out of 5717934
 605876 words of memory out of 5000000
 34961 multiletter control sequences out of 15000+600000
 596760 words of font info for 108 fonts, out of 8000000 for 9000
 1201 hyphenation exceptions out of 8191
 75i,9n,79p,975b,592s stack positions out of 10000i,1000n,20000p,200000b,200000s
<C:/Users/yohpe/AppData/Local/Programs/MiKTeX/fonts/type1/public/amsfonts/cm/cmmi10.pfb><C:/Users/yohpe/AppData/Local/Programs/MiKTeX/fonts/type1/public/amsfonts/cm/cmr10.pfb><C:/Users/yohpe/AppData/Local/Programs/MiKTeX/fonts/type1/public/amsfonts/cm/cmsy10.pfb><C:/Users/yohpe/AppData/Local/Programs/MiKTeX/fonts/type1/urw/courier/ucrr8a.pfb><C:/Users/yohpe/AppData/Local/Programs/MiKTeX/fonts/type1/urw/symbol/usyr.pfb><C:/Users/yohpe/AppData/Local/Programs/MiKTeX/fonts/type1/urw/times/utmb8a.pfb><C:/Users/yohpe/AppData/Local/Programs/MiKTeX/fonts/type1/urw/times/utmbi8a.pfb><C:/Users/yohpe/AppData/Local/Programs/MiKTeX/fonts/type1/urw/times/utmr8a.pfb><C:/Users/yohpe/AppData/Local/Programs/MiKTeX/fonts/type1/urw/times/utmri8a.pfb>
Output written on OpEx_temp.pdf (4 pages, 813024 bytes).
PDF statistics:
 145 PDF objects out of 1000 (max. 8388607)
=======
 11970 strings out of 474104
 191993 string characters out of 5747502
 1940496 words of memory out of 5000000
 34089 multiletter control sequences out of 15000+600000
 596760 words of font info for 108 fonts, out of 8000000 for 9000
 1201 hyphenation exceptions out of 8191
 75i,9n,79p,995b,592s stack positions out of 10000i,1000n,20000p,200000b,200000s
<c:/texlive/2024/texmf-dist/fonts/type1/public/amsfonts/cm/cmmi10.pfb><c:/texlive/2024/texmf-dist/fonts/type1/public/amsfonts/cm/cmr10.pfb><c:/texlive/2024/texmf-dist/fonts/type1/public/amsfonts/cm/cmsy10.pfb><c:/texlive/2024/texmf-dist/fonts/type1/urw/courier/ucrr8a.pfb><c:/texlive/2024/texmf-dist/fonts/type1/urw/symbol/usyr.pfb><c:/texlive/2024/texmf-dist/fonts/type1/urw/times/utmb8a.pfb><c:/texlive/2024/texmf-dist/fonts/type1/urw/times/utmbi8a.pfb><c:/texlive/2024/texmf-dist/fonts/type1/urw/times/utmr8a.pfb><c:/texlive/2024/texmf-dist/fonts/type1/urw/times/utmri8a.pfb>
Output written on OpEx_temp.pdf (4 pages, 799600 bytes).
PDF statistics:
 147 PDF objects out of 1000 (max. 8388607)
 98 compressed objects within 1 object stream
>>>>>>> 71fdfccd6fe5702cf8a9ac0e69042f3cd6e20ff4
 21 named destinations out of 1000 (max. 500000)
 109 words of extra memory for PDF output out of 10000 (max. 10000000)

